<?xml version="1.0" encoding="UTF-8"?>
<!-- Generated by org.testng.reporters.JUnitXMLReporter -->
<testsuite ignored="0" hostname="LAPTOP-OHO69TLH" failures="1" tests="1" name="LogIn Test" time="13.414" errors="0" timestamp="12 May 2021 09:35:31 GMT">
  <testcase classname="GuruWebPage.LogInTest" name="logIn" time="3.5">
    <failure type="java.lang.AssertionError" message="expected [1234] but found [mngr325182]">
      <![CDATA[java.lang.AssertionError: expected [1234] but found [mngr325182]
at GuruWebPage.LogInTest.logIn(LogInTest.java:59)
... Removed 34 stack frames]]>
    </failure>
  </testcase> <!-- logIn -->
</testsuite> <!-- LogIn Test -->
