<?xml version="1.0" encoding="UTF-8"?>
<testng-results ignored="0" total="1" passed="1" failed="0" skipped="0">
  <reporter-output>
  </reporter-output>
  <suite started-at="2021-06-05T18:07:14Z" name="Default suite" finished-at="2021-06-05T18:07:27Z" duration-ms="12693">
    <groups>
    </groups>
    <test started-at="2021-06-05T18:07:14Z" name="Default test" finished-at="2021-06-05T18:07:27Z" duration-ms="12693">
      <class name="GuruWebPage.LogOutTest">
        <test-method is-config="true" signature="invokeBrowser()[pri:0, instance:GuruWebPage.LogOutTest@5be82d43]" started-at="2021-06-05T18:07:14Z" name="invokeBrowser" finished-at="2021-06-05T18:07:20Z" duration-ms="6084" status="PASS">
          <reporter-output>
          </reporter-output>
        </test-method> <!-- invokeBrowser -->
        <test-method signature="LogOut()[pri:0, instance:GuruWebPage.LogOutTest@5be82d43]" started-at="2021-06-05T18:07:20Z" name="LogOut" finished-at="2021-06-05T18:07:26Z" duration-ms="6449" status="PASS">
          <reporter-output>
          </reporter-output>
        </test-method> <!-- LogOut -->
        <test-method is-config="true" signature="tearDown()[pri:0, instance:GuruWebPage.LogOutTest@5be82d43]" started-at="2021-06-05T18:07:26Z" name="tearDown" finished-at="2021-06-05T18:07:27Z" duration-ms="122" status="PASS">
          <reporter-output>
          </reporter-output>
        </test-method> <!-- tearDown -->
      </class> <!-- GuruWebPage.LogOutTest -->
    </test> <!-- Default test -->
  </suite> <!-- Default suite -->
</testng-results>
